{"level":"warn","message":"GameLoader.loadAuthDir: channel ultimatum: authorization disabled in configuration file","timestamp":"2020-07-06T19:42:54.968Z"}
{"level":"warn","message":"GameLoader.loadAuthDir: channel testgame: authorization disabled in configuration file","timestamp":"2020-07-09T21:35:07.324Z"}
{"level":"warn","message":"GameLoader.loadAuthDir: channel ultimatum: authorization disabled in configuration file","timestamp":"2020-07-09T21:35:07.369Z"}
{"level":"warn","message":"GameLoader.loadAuthDir: channel testgame: authorization disabled in configuration file","timestamp":"2020-07-23T04:43:37.475Z"}
{"level":"warn","message":"GameLoader.loadAuthDir: channel ultimatum: authorization disabled in configuration file","timestamp":"2020-07-23T04:43:37.518Z"}
{"level":"warn","message":"GameLoader.loadAuthDir: channel testgame: authorization disabled in configuration file","timestamp":"2020-07-23T05:16:53.531Z"}
{"level":"warn","message":"GameLoader.loadAuthDir: channel ultimatum: authorization disabled in configuration file","timestamp":"2020-07-23T05:16:53.561Z"}
{"level":"error","message":"GameLoader.loadGameDir: an error occurred while reading game.settings file. Game: testgame. Err:\nC:\\Users\\JonBo\\pavilion\\nodegame-v5.9.0\\games_available\\testgame\\game\\game.settings.js:54\n    treatments: {\n    ^^^^^^^^^^\n\nSyntaxError: Unexpected identifier\n    at wrapSafe (internal/modules/cjs/loader.js:1054:16)\n    at Module._compile (internal/modules/cjs/loader.js:1102:27)\n    at Object.Module._extensions..js (internal/modules/cjs/loader.js:1158:10)\n    at Module.load (internal/modules/cjs/loader.js:986:32)\n    at Function.Module._load (internal/modules/cjs/loader.js:879:14)\n    at Module.require (internal/modules/cjs/loader.js:1026:19)\n    at require (internal/modules/cjs/helpers.js:72:18)\n    at GameLoader.loadGameDir (C:\\Users\\JonBo\\pavilion\\nodegame-v5.9.0\\node_modules\\nodegame-server\\lib\\GameLoader.js:324:28)\n    at GameLoader.addGame (C:\\Users\\JonBo\\pavilion\\nodegame-v5.9.0\\node_modules\\nodegame-server\\lib\\GameLoader.js:108:21)\n    at ServerNode.addGameDir (C:\\Users\\JonBo\\pavilion\\nodegame-v5.9.0\\node_modules\\nodegame-server\\lib\\ServerNode.js:626:21)","timestamp":"2020-07-24T04:05:29.644Z"}
{"level":"error","message":"ServerNode caught an exception: \nC:\\Users\\JonBo\\pavilion\\nodegame-v5.9.0\\games_available\\testgame\\game\\game.settings.js:54\n    treatments: {\n    ^^^^^^^^^^\n\nSyntaxError: Unexpected identifier\n    at wrapSafe (internal/modules/cjs/loader.js:1054:16)\n    at Module._compile (internal/modules/cjs/loader.js:1102:27)\n    at Object.Module._extensions..js (internal/modules/cjs/loader.js:1158:10)\n    at Module.load (internal/modules/cjs/loader.js:986:32)\n    at Function.Module._load (internal/modules/cjs/loader.js:879:14)\n    at Module.require (internal/modules/cjs/loader.js:1026:19)\n    at require (internal/modules/cjs/helpers.js:72:18)\n    at GameLoader.loadGameDir (C:\\Users\\JonBo\\pavilion\\nodegame-v5.9.0\\node_modules\\nodegame-server\\lib\\GameLoader.js:324:28)\n    at GameLoader.addGame (C:\\Users\\JonBo\\pavilion\\nodegame-v5.9.0\\node_modules\\nodegame-server\\lib\\GameLoader.js:108:21)\n    at ServerNode.addGameDir (C:\\Users\\JonBo\\pavilion\\nodegame-v5.9.0\\node_modules\\nodegame-server\\lib\\ServerNode.js:626:21)","timestamp":"2020-07-24T04:05:29.671Z"}
{"level":"warn","message":"GameLoader.loadAuthDir: channel ultimatum: authorization disabled in configuration file","timestamp":"2020-07-24T04:05:29.733Z"}
{"level":"warn","message":"GameLoader.loadAuthDir: channel testgame: authorization disabled in configuration file","timestamp":"2020-07-24T04:06:40.806Z"}
{"level":"warn","message":"GameLoader.loadAuthDir: channel ultimatum: authorization disabled in configuration file","timestamp":"2020-07-24T04:06:40.841Z"}
{"level":"warn","message":"GameLoader.loadAuthDir: channel testgame: authorization disabled in configuration file","timestamp":"2020-07-24T04:15:11.317Z"}
{"level":"warn","message":"GameLoader.loadAuthDir: channel ultimatum: authorization disabled in configuration file","timestamp":"2020-07-24T04:15:11.348Z"}
{"level":"warn","message":"GameLoader.loadAuthDir: channel ultimatum: authorization disabled in configuration file","timestamp":"2020-07-24T04:15:45.130Z"}
{"level":"warn","message":"GameLoader.loadAuthDir: channel testgame: authorization disabled in configuration file","timestamp":"2020-07-24T04:15:45.160Z"}
{"level":"warn","message":"GameLoader.loadAuthDir: channel ultimatum: authorization disabled in configuration file","timestamp":"2020-07-24T04:21:24.178Z"}
{"level":"warn","message":"GameLoader.loadAuthDir: channel testgame: authorization disabled in configuration file","timestamp":"2020-07-24T04:21:24.205Z"}
{"level":"warn","message":"GameLoader.loadAuthDir: channel ultimatum: authorization disabled in configuration file","timestamp":"2020-07-24T04:21:54.418Z"}
{"level":"warn","message":"GameLoader.loadAuthDir: channel testgame: authorization disabled in configuration file","timestamp":"2020-07-24T04:21:54.461Z"}
{"level":"warn","message":"GameLoader.loadAuthDir: channel testgame: authorization disabled in configuration file","timestamp":"2020-07-24T04:53:00.675Z"}
{"level":"warn","message":"GameLoader.loadAuthDir: channel ultimatum: authorization disabled in configuration file","timestamp":"2020-07-24T04:53:00.707Z"}
{"level":"warn","message":"GameLoader.loadAuthDir: channel ultimatum: authorization disabled in configuration file","timestamp":"2020-07-24T04:57:12.045Z"}
{"level":"warn","message":"GameLoader.loadAuthDir: channel testgame: authorization disabled in configuration file","timestamp":"2020-07-24T04:57:12.082Z"}
{"level":"warn","message":"GameLoader.loadAuthDir: channel testgame: authorization disabled in configuration file","timestamp":"2020-07-24T04:59:56.976Z"}
{"level":"warn","message":"GameLoader.loadAuthDir: channel ultimatum: authorization disabled in configuration file","timestamp":"2020-07-24T04:59:57.006Z"}
{"level":"error","message":"ServerNode caught an exception: \nError: Stager.extendStep: stepId not found: instructions2\n    at Stager.extendStep (C:\\Users\\JonBo\\pavilion\\nodegame-v5.9.0\\node_modules\\nodegame-client\\lib\\stager\\stager_extends.js:41:19)\n    at Object.module.exports [as player] (C:\\Users\\JonBo\\pavilion\\nodegame-v5.9.0\\games_available\\testgame\\game\\client_types\\player.js:48:12)\n    at GameRoom.getClientType (C:\\Users\\JonBo\\pavilion\\nodegame-v5.9.0\\node_modules\\nodegame-server\\lib\\rooms\\GameRoom.js:819:34)\n    at GameRoom.setupClient (C:\\Users\\JonBo\\pavilion\\nodegame-v5.9.0\\node_modules\\nodegame-server\\lib\\rooms\\GameRoom.js:896:21)\n    at GameRoom.setupClients (C:\\Users\\JonBo\\pavilion\\nodegame-v5.9.0\\node_modules\\nodegame-server\\lib\\rooms\\GameRoom.js:1384:14)\n    at GameRoom.setupGame (C:\\Users\\JonBo\\pavilion\\nodegame-v5.9.0\\node_modules\\nodegame-server\\lib\\rooms\\GameRoom.js:534:18)\n    at WaitingRoom.doDispatch (C:\\Users\\JonBo\\pavilion\\nodegame-v5.9.0\\node_modules\\nodegame-server\\lib\\rooms\\WaitingRoom.js:1394:30)\n    at cb (C:\\Users\\JonBo\\pavilion\\nodegame-v5.9.0\\node_modules\\nodegame-server\\lib\\rooms\\WaitingRoom.js:1060:22)\n    at Game.pingReturnedCb (C:\\Users\\JonBo\\pavilion\\nodegame-v5.9.0\\node_modules\\nodegame-server\\lib\\rooms\\WaitingRoom.js:1094:13)\n    at Game.g (C:\\Users\\JonBo\\pavilion\\nodegame-v5.9.0\\node_modules\\nodegame-client\\lib\\modules\\ssgd.js:239:24)","timestamp":"2020-07-24T05:00:04.114Z"}
{"level":"warn","message":"GameLoader.loadAuthDir: channel testgame: authorization disabled in configuration file","timestamp":"2020-07-24T05:00:26.174Z"}
{"level":"warn","message":"GameLoader.loadAuthDir: channel ultimatum: authorization disabled in configuration file","timestamp":"2020-07-24T05:00:26.206Z"}
{"level":"error","message":"ServerNode caught an exception: \nError: Stager.extendStep: stepId not found: instructions2\n    at Stager.extendStep (C:\\Users\\JonBo\\pavilion\\nodegame-v5.9.0\\node_modules\\nodegame-client\\lib\\stager\\stager_extends.js:41:19)\n    at Object.module.exports [as player] (C:\\Users\\JonBo\\pavilion\\nodegame-v5.9.0\\games_available\\testgame\\game\\client_types\\player.js:48:12)\n    at GameRoom.getClientType (C:\\Users\\JonBo\\pavilion\\nodegame-v5.9.0\\node_modules\\nodegame-server\\lib\\rooms\\GameRoom.js:819:34)\n    at GameRoom.setupClient (C:\\Users\\JonBo\\pavilion\\nodegame-v5.9.0\\node_modules\\nodegame-server\\lib\\rooms\\GameRoom.js:896:21)\n    at GameRoom.setupClients (C:\\Users\\JonBo\\pavilion\\nodegame-v5.9.0\\node_modules\\nodegame-server\\lib\\rooms\\GameRoom.js:1384:14)\n    at GameRoom.setupGame (C:\\Users\\JonBo\\pavilion\\nodegame-v5.9.0\\node_modules\\nodegame-server\\lib\\rooms\\GameRoom.js:534:18)\n    at WaitingRoom.doDispatch (C:\\Users\\JonBo\\pavilion\\nodegame-v5.9.0\\node_modules\\nodegame-server\\lib\\rooms\\WaitingRoom.js:1394:30)\n    at cb (C:\\Users\\JonBo\\pavilion\\nodegame-v5.9.0\\node_modules\\nodegame-server\\lib\\rooms\\WaitingRoom.js:1060:22)\n    at Game.pingReturnedCb (C:\\Users\\JonBo\\pavilion\\nodegame-v5.9.0\\node_modules\\nodegame-server\\lib\\rooms\\WaitingRoom.js:1094:13)\n    at Game.g (C:\\Users\\JonBo\\pavilion\\nodegame-v5.9.0\\node_modules\\nodegame-client\\lib\\modules\\ssgd.js:239:24)","timestamp":"2020-07-24T05:00:31.982Z"}
{"level":"warn","message":"GameLoader.loadAuthDir: channel testgame: authorization disabled in configuration file","timestamp":"2020-07-24T05:01:27.025Z"}
{"level":"warn","message":"GameLoader.loadAuthDir: channel ultimatum: authorization disabled in configuration file","timestamp":"2020-07-24T05:01:27.064Z"}
{"level":"warn","message":"GameLoader.loadAuthDir: channel testgame: authorization disabled in configuration file","timestamp":"2020-07-24T05:04:20.554Z"}
{"level":"warn","message":"GameLoader.loadAuthDir: channel ultimatum: authorization disabled in configuration file","timestamp":"2020-07-24T05:04:20.586Z"}
{"level":"warn","message":"GameLoader.loadAuthDir: channel ultimatum: authorization disabled in configuration file","timestamp":"2020-07-24T05:07:08.749Z"}
{"level":"warn","message":"GameLoader.loadAuthDir: channel testgame: authorization disabled in configuration file","timestamp":"2020-07-24T05:07:08.787Z"}
{"level":"warn","message":"GameLoader.loadAuthDir: channel ultimatum: authorization disabled in configuration file","timestamp":"2020-07-24T05:10:33.533Z"}
{"level":"warn","message":"GameLoader.loadAuthDir: channel testgame: authorization disabled in configuration file","timestamp":"2020-07-24T05:10:33.580Z"}
{"level":"warn","message":"GameLoader.loadAuthDir: channel ultimatum: authorization disabled in configuration file","timestamp":"2020-07-24T05:19:48.095Z"}
{"level":"warn","message":"GameLoader.loadAuthDir: channel testgame: authorization disabled in configuration file","timestamp":"2020-07-24T05:19:48.140Z"}
{"level":"error","message":"ServerNode caught an exception: \nError: Stager.extendStep: stepId not found: instructions2\n    at Stager.extendStep (C:\\Users\\JonBo\\pavilion\\nodegame-v5.9.0\\node_modules\\nodegame-client\\lib\\stager\\stager_extends.js:41:19)\n    at Object.module.exports [as logic] (C:\\Users\\JonBo\\pavilion\\nodegame-v5.9.0\\games_available\\testgame\\game\\client_types\\logic.js:32:12)\n    at GameRoom.getClientType (C:\\Users\\JonBo\\pavilion\\nodegame-v5.9.0\\node_modules\\nodegame-server\\lib\\rooms\\GameRoom.js:819:34)\n    at GameRoom.setupLogic (C:\\Users\\JonBo\\pavilion\\nodegame-v5.9.0\\node_modules\\nodegame-server\\lib\\rooms\\GameRoom.js:1316:17)\n    at GameRoom.setupGame (C:\\Users\\JonBo\\pavilion\\nodegame-v5.9.0\\node_modules\\nodegame-server\\lib\\rooms\\GameRoom.js:531:29)\n    at WaitingRoom.doDispatch (C:\\Users\\JonBo\\pavilion\\nodegame-v5.9.0\\node_modules\\nodegame-server\\lib\\rooms\\WaitingRoom.js:1394:30)\n    at cb (C:\\Users\\JonBo\\pavilion\\nodegame-v5.9.0\\node_modules\\nodegame-server\\lib\\rooms\\WaitingRoom.js:1060:22)\n    at Game.pingReturnedCb (C:\\Users\\JonBo\\pavilion\\nodegame-v5.9.0\\node_modules\\nodegame-server\\lib\\rooms\\WaitingRoom.js:1094:13)\n    at Game.g (C:\\Users\\JonBo\\pavilion\\nodegame-v5.9.0\\node_modules\\nodegame-client\\lib\\modules\\ssgd.js:239:24)\n    at EventEmitter.emit (C:\\Users\\JonBo\\pavilion\\nodegame-v5.9.0\\node_modules\\nodegame-client\\lib\\core\\EventEmitter.js:216:31)","timestamp":"2020-07-24T05:19:54.064Z"}
{"level":"error","message":"ServerNode caught an exception: \nError: Stager.extendStep: stepId not found: instructions2\n    at Stager.extendStep (C:\\Users\\JonBo\\pavilion\\nodegame-v5.9.0\\node_modules\\nodegame-client\\lib\\stager\\stager_extends.js:41:19)\n    at Object.module.exports [as logic] (C:\\Users\\JonBo\\pavilion\\nodegame-v5.9.0\\games_available\\testgame\\game\\client_types\\logic.js:32:12)\n    at GameRoom.getClientType (C:\\Users\\JonBo\\pavilion\\nodegame-v5.9.0\\node_modules\\nodegame-server\\lib\\rooms\\GameRoom.js:819:34)\n    at GameRoom.setupLogic (C:\\Users\\JonBo\\pavilion\\nodegame-v5.9.0\\node_modules\\nodegame-server\\lib\\rooms\\GameRoom.js:1316:17)\n    at GameRoom.setupGame (C:\\Users\\JonBo\\pavilion\\nodegame-v5.9.0\\node_modules\\nodegame-server\\lib\\rooms\\GameRoom.js:531:29)\n    at WaitingRoom.doDispatch (C:\\Users\\JonBo\\pavilion\\nodegame-v5.9.0\\node_modules\\nodegame-server\\lib\\rooms\\WaitingRoom.js:1394:30)\n    at cb (C:\\Users\\JonBo\\pavilion\\nodegame-v5.9.0\\node_modules\\nodegame-server\\lib\\rooms\\WaitingRoom.js:1060:22)\n    at Game.pingReturnedCb (C:\\Users\\JonBo\\pavilion\\nodegame-v5.9.0\\node_modules\\nodegame-server\\lib\\rooms\\WaitingRoom.js:1094:13)\n    at Game.g (C:\\Users\\JonBo\\pavilion\\nodegame-v5.9.0\\node_modules\\nodegame-client\\lib\\modules\\ssgd.js:239:24)\n    at EventEmitter.emit (C:\\Users\\JonBo\\pavilion\\nodegame-v5.9.0\\node_modules\\nodegame-client\\lib\\core\\EventEmitter.js:216:31)","timestamp":"2020-07-24T05:20:13.037Z"}
{"level":"warn","message":"GameLoader.loadAuthDir: channel testgame: authorization disabled in configuration file","timestamp":"2020-07-24T05:20:47.376Z"}
{"level":"warn","message":"GameLoader.loadAuthDir: channel ultimatum: authorization disabled in configuration file","timestamp":"2020-07-24T05:20:47.419Z"}
{"level":"warn","message":"GameLoader.loadAuthDir: channel testgame: authorization disabled in configuration file","timestamp":"2020-07-24T05:24:25.285Z"}
{"level":"warn","message":"GameLoader.loadAuthDir: channel ultimatum: authorization disabled in configuration file","timestamp":"2020-07-24T05:24:25.331Z"}
{"level":"warn","message":"GameLoader.loadAuthDir: channel ultimatum: authorization disabled in configuration file","timestamp":"2020-07-24T05:32:25.051Z"}
{"level":"warn","message":"GameLoader.loadAuthDir: channel testgame: authorization disabled in configuration file","timestamp":"2020-07-24T05:32:25.089Z"}
{"level":"warn","message":"GameLoader.loadAuthDir: channel testgame: authorization disabled in configuration file","timestamp":"2020-07-24T05:52:14.063Z"}
{"level":"warn","message":"GameLoader.loadAuthDir: channel ultimatum: authorization disabled in configuration file","timestamp":"2020-07-24T05:52:14.098Z"}
{"level":"warn","message":"GameLoader.loadAuthDir: channel testgame: authorization disabled in configuration file","timestamp":"2020-07-24T05:53:20.718Z"}
{"level":"warn","message":"GameLoader.loadAuthDir: channel ultimatum: authorization disabled in configuration file","timestamp":"2020-07-24T05:53:20.752Z"}
{"level":"warn","message":"GameLoader.loadAuthDir: channel testgame: authorization disabled in configuration file","timestamp":"2020-07-24T05:53:54.399Z"}
{"level":"warn","message":"GameLoader.loadAuthDir: channel ultimatum: authorization disabled in configuration file","timestamp":"2020-07-24T05:53:54.436Z"}
{"level":"warn","message":"GameLoader.loadAuthDir: channel ultimatum: authorization disabled in configuration file","timestamp":"2020-07-24T05:54:23.925Z"}
{"level":"warn","message":"GameLoader.loadAuthDir: channel testgame: authorization disabled in configuration file","timestamp":"2020-07-24T05:54:23.977Z"}
